-----BEGIN PGP PUBLIC KEY BLOCK-----
Version: ObjectivePGP
Comment: https://www.objectivepgp.com
Charset: UTF-8

xsDNBF45fBQDDACipTZVlJ1fb+Yy6cYkaLS55vL768O/1fXEtJpzg8A2bACUmDQ+RHPV44BE5y6e
Cdi5EzeYdr8JYSJP6qd2iJY6KrICZneqPXrcMxNNAUeNBvkryTalC6BABGHafIVfq8AM7C75P36d
V8kcDnQahe9OojbljTkzK5N4r4IhUKzW0StMSmj7LKqFuPWrnv2Y0ubbzMnx48P2f1On3NHJYU30
amzeUwHW1ANrm8XCyWff5S+JJ9TIjdkl/hdZZu+miKkRX2zauLgdJv0bFHrLwjPTKCTigp9JNse0
cg426zJx1FU2FJZA/0RkpAP7qI3ejw9+N72T7h20YtxGkOLMc2qxya+o3gz6ILo+/9hP4z7X9GzL
sb9jhTR3l8p1+TmqchmHul/txXaUCu2YJgFC9REMFnAhom5isg7vo3PXLV33umWfs7idKwbiWNur
rhr6+vJFFk187yc2XAKk6qZ1JLOEwu5a6Qa4B1esvlOhMhxZSpCAxe10AVrdQxOUKGYvBqkAEQEA
Ac1P4Ly64L+HQU1C8J+UpVJJ4L+IRUzgv4fgvLsgU2tvZWxkIDxFU0EtU2VjdXJpdHktR3JvdXBA
dXNlcnMubm9yZXBseS5naXRodWIuY29tPsLA+gQTAwgAJAUCXjl8FAIbAwQVCAkKBwsJCAcDAgEE
FgMCAQIeAQIXgAIZAQAKCRBH0BDSI/12MYE/C/9tAJn0Ow3VH93g8CyJb49EZUp1Lg8Gai8KlKGP
JxjfGaOY3zTwN3uTEFR+RM/jNfCFqG+T4XYAvIm3ggzEIO6y2+xjF0hVrl6hnrYkDCfa379W68Co
8jg+q3e8g3OJZPgRtxir1DdQCmDFLWxsWAYLPap2uDU+HCPo9KmepJKXBluRBQd5bxgGDrzAoCka
MPhhhDa22cDGgq9iKT95hMDo601lpU8fp1ZQg+JLknOVXBPplftApGz/fZTafc+9Q/HkwzhZh6Iu
O0IJkfTnu5gjVg9JEGUjWDn38JmmXSuZGUu69U16R5XjRgxhkTleQqvRPx2ZC0Q2Uu4W0wvvyMHn
En4ZC39UhQdzyYf/zmSCPwQDsER2rq5gVEy3Eotb8TM5s25/p8L60DIv8suQ1HTEb+xbEl1QESC7
Lr6IIE5PAAinfXKTbvw3Zl1CEzuSUOon896ikUGdzLTjtHKPoRRWhJ6R++LpjtqDQbOEGHR3A/zD
7kLc2p1Z9bj/YIDTxMvOwM0EXjl8FAMMAKTEvo1Yz/16Uw5TpUqbGKmnVUUiNBnHki0y1qMBLbqk
lHJ81V7Jerw9VwFWBwwrr+YD14MBkGivSHq458CYbtxzSKuj2Lsshg8yYXsIsiKL7BE5erwpGxQD
PTPhlrqFoPxlYtEwvd0cT48zofF0MfvJAFMwuolEaF4wivj6JDpEtydi38ejI8hLcPJPG4xdskql
vHy1liZT9Ua4H3IdmvrdX40ZOXNnWYBAZcZ0KF4ac5If02lD07Tr3K3VJbT5+CNrEyV/mpQ7SRA1
2wyzOCoiJCyEXBK0AOW64ErSCTEBL+6jth32SvwPfolzYBTqRN386Gp0aoXst0HemqrTHATwAGbL
YPpDuP5DnZqCRBEC7SGtYWs9DxEHX2Y2WyyQifSZZGeH43+8ZQq/WThtc7fN/Fs+3J/9gWHb70wg
jOg+XebIP1mMOLBUHXSpbZDPanO8Bf4DmNlrsakZmAAji6WupJRa9Aj8NBhSO6jogBgqYd88lyO0
2FFQjW0xtrKNBwARAQABwsJ+BBgDCAGoBQJeOXwVAhsMwN0gBBkDCAAGBQJeOXwVAAoJEKLdCsIi
rD533FEL/1hj+9dfN/ssJw/VIjL7Op4hM2jRWZYHWcp/fgoYMbnwDuB7Nb6sSoBuvoWHGWvSIRKm
+ObimgSSyWto8wtI/bFEfEHH0r6YfEg/BRmYGFzAV3VkR39mMd0f7RlPmBLOB/9kZI6prOmZWahJ
dNaGRSErXzMlpt/RIE3UVRiXGulujD5hzDjut2Mrp9jVlrXoK4ZAby27StxdS23nmlXuQf+LJdq1
1dadDsXhmfAz3il1yJX9HwVbi3RaZbI3TNCLAoKAZWVRrCA6JBsKyNN48YIdKmGK+Dpk6Lf/gBGj
PX8zYushn1lKuPCaMPjLEAecNM2IjOjn+CEG6IVqegxFX0hc+sry68xIqVBwVwDTU79uOqS/0+Aw
j5hoahMLNbuacfV212RvDN5yo1oor/J+16u+sHRX0sgmRGeoCTYj7eQ/Oo8DbZPlLAVDMuM3nsC0
hyLRiehJbuamTWhqq0Gl8WyoUpj3tERpnru+bNXXkFc9r/E+V0Lon+desx4j2ciAdgAKCRBH0BDS
I/12MXQvC/9uyPXmeU6NttKE4HpG5qq+j8k+yGrigqUSByqDncyaBAR2gRRRl1KPelN0KdNwLCY5
Qip7zZQpQIf7gWmhIKbM6wOTo/oAlxpeDnqnSnssAUbkJT5Ywzb2ldYfgXFv2PfcNUjeiuw/5zn8
XX6018gsNJMcxGssjQe/5zi9oyPXc6VxaZEw7QXcRVpnx8JY11KLtvDNHpOlV2E6z1i8Mt3Af/dw
ObrMlPrrkefGfhamCgUh+lXMSUtdyasVl7fJzD+bWaH1z5pikStgbkMP30Th4H71ityIwAPr6OZg
pT7TH3jarz5jdmA6Dglj+tmGzS9tJyf19+hGU4FclKGbwvWb854awKpprYe3A4lkqwzHSRM0DFw5
kQUrgrtkzzcpMGw6oPDnVcjaQp+Zeubwsz7zrg6e0nR5AIsMKg2Kz5M7YDJM9TRrNZrGX13MAPvn
67gVf25XcCuZurl7HEx9WUGUQm7nDrScS72LsgsQxgYHWWNP1WSuuFumQpTSpX4R3C8=
=gs8m
-----END PGP PUBLIC KEY BLOCK-----