atom: Using SSH key ssh-rsa 4096 7b:f4:f1:fe:00:a5:4a:41:8e:ca:93:aa:7e:47:f1:f3

async-std: Using SSH key ssh-rsa 4096 ea:61:03:54:a2:a5:51:4c:77:67:7a:d7:e2:2d:3b:c0

CodeHub: Using SSH key ssh-rsa 4096 b6:3a:cb:82:a1:f5:70:bb:37:0f:05:d3:c4:7f:98:b6

Alexa-LED-Animation-Files-for-AVS: Using SSH key ssh-rsa 4096 b6:3a:cb:82:a1:f5:70:bb:37:0f:05:d3:c4:7f:98:b6

.git-restarter: Using SSH key ssh-rsa 4096 b6:3a:cb:82:a1:f5:70:bb:37:0f:05:d3:c4:7f:98:b6

appcenter-cli: Fetch received nothing.

Alexa LED Animation Files for AVS: Using SSH key ssh-rsa 4096 7b:f4:f1:fe:00:a5:4a:41:8e:ca:93:aa:7e:47:f1:f3

async-std: Fetch received nothing.

blockchain-tutorial-2: Using SSH key ssh-rsa 4096 ea:61:03:54:a2:a5:51:4c:77:67:7a:d7:e2:2d:3b:c0

azure: Using SSH key ssh-rsa 4096 b6:3a:cb:82:a1:f5:70:bb:37:0f:05:d3:c4:7f:98:b6

bootstrap: Using SSH key ssh-rsa 4096 b6:3a:cb:82:a1:f5:70:bb:37:0f:05:d3:c4:7f:98:b6

azure-repos-vscode-3: Doing password authentication for firewiccagroup

amazon-ec2-user-guide: Doing password authentication for firewiccagroup

atom: Fetch received nothing.

azure-repos-vscode-3: Fetch received nothing.

amazon-ec2-user-guide: Fetch received nothing.

blockchain-tutorial-2: Fetch received nothing.

CodeHub: Fetch received nothing.

Alexa LED Animation Files for AVS: Using SSH key ssh-rsa 4096 b6:3a:cb:82:a1:f5:70:bb:37:0f:05:d3:c4:7f:98:b6

Alexa-LED-Animation-Files-for-AVS: Using SSH key ssh-rsa 4096 7b:f4:f1:fe:00:a5:4a:41:8e:ca:93:aa:7e:47:f1:f3

E.S.A-Security-Detecting: Using SSH key ssh-rsa 4096 b6:3a:cb:82:a1:f5:70:bb:37:0f:05:d3:c4:7f:98:b6

GCDWebServer: Using SSH key ssh-rsa 4096 b6:3a:cb:82:a1:f5:70:bb:37:0f:05:d3:c4:7f:98:b6

CocoaPods-app: Fetch received nothing.

Alexa LED Animation Files for AVS: Fetch received nothing.

Alexa-LED-Animation-Files-for-AVS: Fetch received nothing.

CodeHub-Push: Fetch received nothing.

CodeHub-Push-2: Using SSH key ssh-rsa 4096 7b:f4:f1:fe:00:a5:4a:41:8e:ca:93:aa:7e:47:f1:f3

dotnet: Using SSH key ssh-rsa 4096 7b:f4:f1:fe:00:a5:4a:41:8e:ca:93:aa:7e:47:f1:f3

fiat-crypto: Using SSH key ssh-rsa 4096 7b:f4:f1:fe:00:a5:4a:41:8e:ca:93:aa:7e:47:f1:f3

.git-restarter: Doing password authentication for firewiccagroup

ESA-Security-API: Doing password authentication for firewiccagroup

cottonwood: Fetch received nothing.

E.S.A-Security-Detecting: Using SSH key ssh-rsa 4096 7b:f4:f1:fe:00:a5:4a:41:8e:ca:93:aa:7e:47:f1:f3

azure: Fetch received nothing.

.git-restarter: Fetch received nothing.

CodeHub-Push-2: Fetch received nothing.

dotnet: Fetch received nothing.

ESA-Security-API: Fetch received nothing.

bootstrap: Fetch received nothing.

E.S.A-Security-Detecting: Fetch received nothing.

gh-ost: Using SSH key ssh-rsa 4096 b6:3a:cb:82:a1:f5:70:bb:37:0f:05:d3:c4:7f:98:b6

firemeapp-3088: Using SSH key ssh-rsa 4096 7b:f4:f1:fe:00:a5:4a:41:8e:ca:93:aa:7e:47:f1:f3

GCDWebServer: Fetch received nothing.

FiraCode: Fetch received nothing.

fiat-crypto: Using SSH key ssh-rsa 4096 7b:f4:f1:fe:00:a5:4a:41:8e:ca:93:aa:7e:47:f1:f3

GitLab Markup: Using SSH key ssh-rsa 4096 b6:3a:cb:82:a1:f5:70:bb:37:0f:05:d3:c4:7f:98:b6

gh-ost: Fetch received nothing.

ghost: Fetch received nothing.

go-cloud: Using SSH key ssh-rsa 4096 7b:f4:f1:fe:00:a5:4a:41:8e:ca:93:aa:7e:47:f1:f3

go-ethereum-1.8: Using SSH key ssh-rsa 4096 b6:3a:cb:82:a1:f5:70:bb:37:0f:05:d3:c4:7f:98:b6

firemeapp-3088: Fetch received nothing.

ghost-2: Fetch received nothing.

fiat-crypto: Fetch received nothing.

failed to resolve address for github.com: nodename nor servname provided, or not known
inspectorspacetime: Using SSH key ssh-rsa 4096 b6:3a:cb:82:a1:f5:70:bb:37:0f:05:d3:c4:7f:98:b6

linuxTweaks: Using SSH key ssh-rsa 4096 9c:c0:89:d0:3d:75:c9:87:fd:e4:b2:2a:6d:e5:65:47

Ghost: Using SSH key ssh-rsa 4096 b6:3a:cb:82:a1:f5:70:bb:37:0f:05:d3:c4:7f:98:b6

go-cloud: Fetch received nothing.

GitLab Markup: Using SSH key ssh-rsa 4096 b6:3a:cb:82:a1:f5:70:bb:37:0f:05:d3:c4:7f:98:b6

Install Setapp 2: Using SSH key ssh-rsa 4096 b6:3a:cb:82:a1:f5:70:bb:37:0f:05:d3:c4:7f:98:b6

go-ethereum-1.8: Using SSH key ssh-rsa 4096 7b:f4:f1:fe:00:a5:4a:41:8e:ca:93:aa:7e:47:f1:f3

NanoStats-master: Fetch received nothing.

go: Using SSH key ssh-rsa 4096 7b:f4:f1:fe:00:a5:4a:41:8e:ca:93:aa:7e:47:f1:f3

GitLab Markup: Fetch received nothing.

Ghost: Using SSH key ssh-rsa 4096 7b:f4:f1:fe:00:a5:4a:41:8e:ca:93:aa:7e:47:f1:f3

go-ethereum-1.8: Fetch received nothing.

Install Setapp 2: Fetch received nothing.

inspectorspacetime: Fetch received nothing.

security-on-github-clean: Using SSH key ssh-rsa 4096 7b:f4:f1:fe:00:a5:4a:41:8e:ca:93:aa:7e:47:f1:f3

google-auth-library-swift: Fetch received nothing.

linuxTweaks: Fetch received nothing.

php: Using SSH key ssh-rsa 4096 9c:c0:89:d0:3d:75:c9:87:fd:e4:b2:2a:6d:e5:65:47

mslearn-build-a-web-app-with-mean-on-a-linux-vm: Using SSH key ssh-rsa 4096 b6:3a:cb:82:a1:f5:70:bb:37:0f:05:d3:c4:7f:98:b6

sekhmet396gripen: Using SSH key ssh-rsa 4096 9c:c0:89:d0:3d:75:c9:87:fd:e4:b2:2a:6d:e5:65:47

starship: Using SSH key ssh-rsa 4096 b6:3a:cb:82:a1:f5:70:bb:37:0f:05:d3:c4:7f:98:b6

Ghost: Fetch received nothing.

security-on-github-clean: Fetch received nothing.

vim-plug: Using SSH key ssh-rsa 4096 7b:f4:f1:fe:00:a5:4a:41:8e:ca:93:aa:7e:47:f1:f3

php: Fetch received nothing.

welcome to working copy: Using SSH key ssh-rsa 4096 b6:3a:cb:82:a1:f5:70:bb:37:0f:05:d3:c4:7f:98:b6

starship: Fetch received nothing.

mslearn-build-a-web-app-with-mean-on-a-linux-vm: Using SSH key ssh-rsa 4096 9c:c0:89:d0:3d:75:c9:87:fd:e4:b2:2a:6d:e5:65:47

go: Using SSH key ssh-rsa 4096 9c:c0:89:d0:3d:75:c9:87:fd:e4:b2:2a:6d:e5:65:47

sekhmet396gripen: Using SSH key ssh-rsa 4096 b6:3a:cb:82:a1:f5:70:bb:37:0f:05:d3:c4:7f:98:b6

vim-plug: Fetch received nothing.

the-book-of-secret-knowledge: Doing password authentication for firewiccagroup

mslearn-build-a-web-app-with-mean-on-a-linux-vm: Fetch received nothing.

the-book-of-secret-knowledge: Fetch received nothing.

welcome to working copy: Using SSH key ssh-rsa 4096 9c:c0:89:d0:3d:75:c9:87:fd:e4:b2:2a:6d:e5:65:47

php-2: Fetch received nothing.

sekhmet396gripen: Fetch received nothing.

go: Fetch received nothing.

welcome to working copy: Fetch received nothing.

