-----BEGIN PGP PRIVATE KEY BLOCK-----
Version: ObjectivePGP
Comment: https://www.objectivepgp.com
Charset: UTF-8

xcTGBF3m5/cDDACoXsjIznJH0dVwY2m1B2dsfncx4+eVUzokN2YmCwxTeVQUhxbN/24sHsmy4n8x
CVmhB7ZVXexaOTsnBVvFqyjxRAik7zHJNWz3l7q6i8pz6IDRnFnAqOuFbjzIgLB1GdjvBuBW53qn
0uWBvsG0dxS4ioQcmZQRVwNbhXaEzSjTe43PMcJmrppKtDjyNLq1GQSEpazcCxS6tHATrWp7WDx9
WcWV5+K6wvoSvA/gpmb/1/CTVfJ3v2YaeyAgZyo4qsb4BjMkwum+fAwR9wNP4ookw7tY2P4Wbazc
3LPt62qIVgyClH6sjS9fVBTY9F3FMrJyMGdk0yu/5eiGGV7Wrvc5x2awGtkArUONik3glyuIrHkh
bDJ/RoQQlR5rIuVuvMOfCWBY6viYONZc0ycgaj6P76F3GpSyyItC7h5eOYlT5n0AF2vAi30i27Ft
WqP+D8f0Cps5GW94elFc8OehJ/rEtDycvmATVP2KCkar2paNrgtBVArmrOTW5qKke1gUvOUAEQEA
Af4JAwgPzQ0EoZJDg9dzB7GD4yPgdmDsZOt9ggE4RQ0AP/7+17Gd7APECm2f7Vxe3cYdD7ddJWVG
H9JAMYCNQPtVBJ62AvSMsY3bv5qz0Ew7WyAVHpd0JIOeYhsqE/RPABNtLp3jSm7HnvY862L+O7Gi
Wmk7YDl2Gaxy0Wo9T2cOdIbRAFnxY1spqpBDVtsIETp69Agn7uAem38Wo9LmfDkd4ulEPdht1Ik7
dI8WnBmZfc40I6wQl4IrVszhGbfDYq0mWwXMhgPhvgRsonEy5W+rBjDppzC7cUIkW8Hrv2PU9eHE
TPiru4b+o8PphvW1NDiiM0P759VHNg9tNXqo4S5eqGlYcOOOxRPSmSYfdmCF28rqqxH3YuhPAGBu
EnS5kTXzaGRzpS1n62PiYnyiTGuFmdUdjjg4IBNEunI6yS+ZL8THlo/hwKkc8dINDj93BeK9qO1P
xO6qe2l+B72wjEERfCDbvTMCME5H4mudjmmstZpVfWHO2w+um54u4sW1sqZGS3GUkBo60CeBSttP
h6KrTprjAqJM3CLIidEMIdNwUCHG5tH99zVR/mBRoyi6UKFzXp3v/03HzCWLSa1aabmVTMSb+NQp
VFv+8Iouewce8PxSJ963RkBNzjx6u70LWixcH6uQJJz3tvcy+5V7z6GgIrGB/7akHWF/GB6kbbMf
d98ICZJhBduNHWlxZDjb0f+m4AE0OCWT4iZ5FLoYmoBgyX2eaUQ0Jbbelh+RXXaP62PXANaKdwvh
CC6YNsVoMFJMU3TKp66fq5jEYiqxbtkDZG8UI65lTrQTVmoGeNHbE1MikU/Ftcj3+V8ZN4TBN7Rt
CDANGL7Rtwv5eaaIy7apdtxudFoP9D5W40bt889zkE2i2GaKTKgbLw2aJGWy/XOYVRmsHUlK96tu
LSosSm8qKKY8H/2oVjbIPQOWeYafneCjiSITKjv0j5oX1jtheaZB3a2GevpWfo7demm3OTWCzMFq
J0lCITtVNOeF74Dz40+6HDdY0ssFTOlRF+2s45SDAZ2srxSDJkPQVQCnAKU7HQSip4W7Az2qBC/5
IQVzQGnp5ftbGIyJbiVRcc34bhQpHKjdGpVfNVE0BxGXKZCOjBJRsxyKleY+qVrXlO8onajhHhxH
jsxwh08cu4VBZrggkUEn54uaz6JjKxHuYmImTM5Dokt0IZvrlvhfDMABwHUyZQvW1yBjaHM3QlAM
kWNNgTZ0IAp+IwanBo9LkNk77NcIjB8ZsWsHZDasPj6XdVshgA2LW/WkoykGxhS2vstLZbaP5YQt
pkCJQookH82xzpcL9kpizBSVso3E5dvrVGIoO91942DaXxxBQ7vkjR9Fbvev/8Qa5s02RS5TLkEg
U2VjdXJpdHkgR3JvdXAgU2hpZWxkIDxwcm90ZWN0aW9uQGZpcmV3aWNjYS5jb20+wsD3BBMDCAAh
BQJd5uf3AhsDBBUICQoHCwkIBwMCAQQWAwIBAh4BAheAAAoJEJbkq3BxwCe0+ekL/1VkTAHA9U0F
nzPNW4UEmcLkOA2kvTYqMp7G/RwKMTSconaXiik/cc5LsOeuA6OiNb8mM3+rn0p0DBqzAIAcNkgT
eG3+WvnPvgd+Vw9Mx5uchV/SwvDtliwOdgAUbZq8YD7niAKTNdQ8ygeN9pitJ8wMHY2DBjPZG9xG
hhKHlFrrvlnFu+8me/2Bl/iNJrjy5PtVA71jtIOEJuzUUPgXE7VsOtCkaH7D1RypGg3bhOE6bADk
rF3T+G11p4cyTOOcfVLCt+F4yA9n6KLnL01EhiM/+L1FCq4nt46EVE3QHVG3KcPyWIHe4vGEF1J/
go0ofsMGOKY0VI9pScaTX5CVOBWIfCBOjKOy6sAujusxMV62fRKjpCl/GYJnEGQaqyFIRsaAwis/
k+EGLi6wZtXGjXnImuyNQLSoskpGJuwnYLsRLMT0h9/1+11PUz54v0DuM3VInxVtzWIOXvLVWuC1
8QTWfT1GtmiMl4GQteiRhBZQsh7Xbsf1FKp6RAq67n54I8fExgRd5uf3AwwA0B/KERqQkEA4LeTQ
GCxLwb6kB7xTOPc7SktHFtHA+fJZvBIney8dVflh7BLeYrMOHGeEo+9Wp9kWHmAzVQWUOUpIKw1A
uMnc6blz6HfpyAwlFAjbDQ7lvL2jTavZCBAGwz4MCfPqhdBZMkHcjdJTguykBU+CkSGNbVvyayxY
sQO51Z99ytldigX+/GYsRLN02nhzTYodLhLR5QHfpwlu/QVqyD4E0du8KLkh1LsLfWBVEAwI1Tyb
neeFscty4VhK2t5Y3MbR2y1wFI3xhHUnbvPXrjnMrhq3+JBPphzYNEBM/7uALBZUCQeBr96F5grC
rzqSilu0+4nlWvOMtvtZ4ovWLEdtWLNcp3b76N1cS7PVse+OyzDn3/xAWe6rBDo64KVjCVmAGPsh
9wP5saB7MEfbY36Zievbu37mlXsu9H7JahzH5+bGnB8W1GzepQRXv16dLplB4jHiRKfR8PshmpqQ
s+eP7jgduod7Sr7F6AbjRy22WXPcaFuvQd0GwwY/ABEBAAH+CQMIFRAr7I+Y+kzX8HC5Atk307TH
EItGzsbVjo9tmiAyDAqPqatDntT6YWB1ytHt7Xr1jxooMxUdpUeggu9HmDHveLEnsaRnS2oe29RU
Vqvtt4BnIknram3VRAbDrIjYK/CvRDNxFsrChFQbJh3H2PeIngjdOC6Y8TWsB/zh9zaNe9EGMyVJ
WLRShB4/ckx1Z6o/Jl8/tfDozyi8sTPOwfKLnxcAfqfnCy+rL278+CYTdEJwaPMo5lvH7/4FDfgp
dRxV+wLSPzczJTCFPpIMZUOWl1UIlBLsan3hMwi9ysXlb0kqlIZbAbZYAmKnFVfiE/0HSDZAsl2+
4CVHLmjx1lYTaxD/dv1R0JCOd6X5sEuJXuHMW2zyCXpw93YHp0KULnjh7cRly/wJ23JEUnwQ+x51
K4m4q63MryO6hN0ulVsqMpALQKAAWbIHq4obNuX/J2qBncqXfjWw6FpvPLgzF1hazAW5Q2cnVReE
rGRYfB9Z2IBsFcLjrtM4EOg0GQYmGI/iCKt2z2DJfwMaaLiG5k2IPuu0L2FghWuGdwRdmcgt/jAD
P/+hdvTcFA2l7ZGsvKqgTEv4OSnpPISiL/6IkXklbOzyxbDVD3HVQHeinHEz4ffwwNQQPHGripww
u7o6CoalNYqarBdmh7L2WIpCtg7XqZ2IUzJ3oQ7c1RdtWp3AsFFzubU3BOhSqZVEwxM8/SXYrIoP
ypBp0Rww32xTeQNFL+AjGwo0v3oAhR8ARqrWhZRMTD/GBEAmBCEGtM0J7bxJkkO1W1RkTYALI1M9
zrZv3NEOfkqdMvdVG4uL5/kkidbSd8OlVoIrRJqDYbSKM27z7Pd377oaR1dnAsUc0QMnu3HWj44U
uaKRZ3ZOlNBBNP6pK2upIchd0sN/N3JsG/pPQy6My2feDfcvT0YmrPz79YJnHa4s7B+ZUego9ZXF
VDLkxH5kFU2JcVnVaVKGMqes/UgYwBVsou6T45FdldXeqU0STqX58Kz7v3FE5w35ID+y/RUpMbNg
de7vtQZyGfL8c6DsOn76Vdg8RwaSnVf9Z9hHDACsBw1T5J98pqSV2+WSO0wYsZw2rDXwc9oEPE5f
b8BzGIjDJpuiAa06sXDHlpxma50+AXvd0f2CS6LCBLaSBQ+pufzUa7JUwCISYpl5cRCvExT+7bKN
qhYbghK19MBFQtIBpMfSKCE0g1sEtpMG7ki8//A4nDOSvhCL+nGVUSFr8aWzB6siDsMMzRc8K8h5
+zzPd71Kia3vk7dKBwosJHAXC4nn97iF+707z4urH+AJYo5Fek/2432p+nQKeWJCDMPmpr8TirMA
+eo0qvRsIwuqAJ3GXHxq6JnlPrayK9BDJJvCwn4EGAMIAagFAl3m5/gCGwzA3SAEGQMIAAYFAl3m
5/gACgkQY0mr6bEtJIylKwv/U9FMZoqF0xd27DrgctRXwdi0gWkgduyGOtqWVyc2A9QaBD3ynXKV
NmFzFWwskyIDJ3lT0tImAjSOjdR45c4gql2EGDIcieF/TPKtF6hm1ktNoHT7WdmBNpm+n6GuwUUc
l1pN9r/HFCl2LzvytWmsM5r7zO/mIUcEWe17gtHdzbNA7QzQdPY0MpQJqvzS/JsISA6D4EEcZfuT
6WuXTb+MpqIqLMv7n29OfAqJBIEAwDEF/dCheYAqmY6skDfi4TYNZFfvLOsOSq3gElYgqv3B2x10
RXZtku1988FTLK+WW1b3AR9PC6gZORaYGnxPFhXA0B/ycyJYvHUoHYaYNPMzcgOF8uTmlAk/R7Ar
OWAjOMrvU6ZgpBG9F0HMNKp4ulhU/26GMOpKWBgYr7uvuLMx2v+AZofxy2/UmwpVUdWVmxf2KhkE
oB5x0oprKDwQdCtTSiBK3ca8pQDQ+85RU+Tq+U10fweO50kyfsz4W4W6izujDfSw7b+janqesNsH
3FydAAoJEJbkq3BxwCe0kgIL/Rk8H+YHXtT/Y+Khr1nCV6aZ38dwvF+zH3cNcCauLQJAxXx5N52p
LMg0+Xh/2nGy4bIfj1j7FxP6S2b49HPiR1zC7d9zngSKxnBzGvaK/seS9N4tjr4nd+uavOUOmjP6
fwOe0LMeSlgTgtYTbPb94HSxrhCrOgPlzUntdT/QUCg70Laapvsn2KFX7Lt0dtnWYVOGePlvMImx
zE3VQ0d6DztaSvBJse0joZSqp9isUD9pBJ6J1sjfuCLtRCQjkpaiT7hwHxtC4wJaGYlSm9/5OU49
5BFSScwzX2J+xwBIZZySecpInnLvSsufYuYxlawFcWKMdgfnBjOSP8WuvUgpk6VDIyNIQe2mXIkd
4vZowf0YzJKdWKcEUxsPVEh+8swygjWmicsSrhLWeUxj7uy6yFFjW+liS+4azZpBqC0jilWL1k7T
E2veHL3CUyS402XhMb8OYu4d0OiWwKWiEaD2aMrAZy7a+51TSPQ2psK5hkhjtawxkFcqwovWpB9N
4NFaMA==
=Fy/q
-----END PGP PRIVATE KEY BLOCK-----